0 info it worked if it ends with ok
1 verbose cli [ '/usr/local/bin/node',
1 verbose cli   '/usr/local/bin/npm',
1 verbose cli   'install',
1 verbose cli   'bower-install' ]
2 info using npm@1.4.14
3 info using node@v0.10.29
4 warn package.json angnews@0.0.0 No description
5 warn package.json angnews@0.0.0 No repository field.
6 warn package.json angnews@0.0.0 No README data
7 verbose readDependencies using package.json deps
8 verbose cache add [ 'bower-install', null ]
9 verbose cache add name=undefined spec="bower-install" args=["bower-install",null]
10 verbose parsed url { protocol: null,
10 verbose parsed url   slashes: null,
10 verbose parsed url   auth: null,
10 verbose parsed url   host: null,
10 verbose parsed url   port: null,
10 verbose parsed url   hostname: null,
10 verbose parsed url   hash: null,
10 verbose parsed url   search: null,
10 verbose parsed url   query: null,
10 verbose parsed url   pathname: 'bower-install',
10 verbose parsed url   path: 'bower-install',
10 verbose parsed url   href: 'bower-install' }
11 silly lockFile a13a8413-bower-install bower-install
12 verbose lock bower-install /Users/murribu/.npm/a13a8413-bower-install.lock
13 silly lockFile a13a8413-bower-install bower-install
14 silly lockFile a13a8413-bower-install bower-install
15 verbose addNamed [ 'bower-install', '' ]
16 verbose addNamed [ null, '*' ]
17 silly lockFile 57f94bde-bower-install bower-install@
18 verbose lock bower-install@ /Users/murribu/.npm/57f94bde-bower-install.lock
19 silly addNameRange { name: 'bower-install', range: '*', hasData: false }
20 verbose url raw bower-install
21 verbose url resolving [ 'https://registry.npmjs.org/', './bower-install' ]
22 verbose url resolved https://registry.npmjs.org/bower-install
23 info trying registry request attempt 1 at 10:22:22
24 http GET https://registry.npmjs.org/bower-install
25 http 404 https://registry.npmjs.org/bower-install
26 verbose headers { date: 'Sat, 18 Oct 2014 15:22:24 GMT',
26 verbose headers   server: 'CouchDB/1.5.0 (Erlang OTP/R16B03)',
26 verbose headers   'content-type': 'application/json',
26 verbose headers   'cache-control': 'max-age=0',
26 verbose headers   'content-length': '52',
26 verbose headers   'accept-ranges': 'bytes',
26 verbose headers   via: '1.1 varnish',
26 verbose headers   age: '0',
26 verbose headers   'x-served-by': 'cache-atl6225-ATL',
26 verbose headers   'x-cache': 'MISS',
26 verbose headers   'x-cache-hits': '0',
26 verbose headers   'x-timer': 'S1413645743.708742,VS0,VE670',
26 verbose headers   'keep-alive': 'timeout=10, max=50',
26 verbose headers   connection: 'Keep-Alive' }
27 silly registry.get cb [ 404,
27 silly registry.get   { date: 'Sat, 18 Oct 2014 15:22:24 GMT',
27 silly registry.get     server: 'CouchDB/1.5.0 (Erlang OTP/R16B03)',
27 silly registry.get     'content-type': 'application/json',
27 silly registry.get     'cache-control': 'max-age=0',
27 silly registry.get     'content-length': '52',
27 silly registry.get     'accept-ranges': 'bytes',
27 silly registry.get     via: '1.1 varnish',
27 silly registry.get     age: '0',
27 silly registry.get     'x-served-by': 'cache-atl6225-ATL',
27 silly registry.get     'x-cache': 'MISS',
27 silly registry.get     'x-cache-hits': '0',
27 silly registry.get     'x-timer': 'S1413645743.708742,VS0,VE670',
27 silly registry.get     'keep-alive': 'timeout=10, max=50',
27 silly registry.get     connection: 'Keep-Alive' } ]
28 silly lockFile 57f94bde-bower-install bower-install@
29 silly lockFile 57f94bde-bower-install bower-install@
30 error 404 404 Not Found: bower-install
30 error 404
30 error 404 'bower-install' is not in the npm registry.
30 error 404 You should bug the author to publish it
30 error 404 It was specified as a dependency of 'angnews'
30 error 404
30 error 404 Note that you can also install from a
30 error 404 tarball, folder, or http url, or git url.
31 error System Darwin 13.4.0
32 error command "/usr/local/bin/node" "/usr/local/bin/npm" "install" "bower-install"
33 error cwd /Users/murribu/Documents/Sites/pdrnk
34 error node -v v0.10.29
35 error npm -v 1.4.14
36 error code E404
37 verbose exit [ 1, true ]
